[LOG] System::create                           : Header version = 1.10.08. Current version = 1.10.08.
[LOG] Manager::init                            : maxchannels = 256 studioflags = 00000006 flags 00000000 extradriverdata 0000000000000000.
[LOG] SystemI::init                            : Initialize version=11008 (96768), maxchannels=256, flags=0x00020000
[LOG] SystemI::setOutputInternal               : Setting output to 'FMOD WASAPI Output'
[LOG] OutputWASAPI::init                       : Mix Format (WAVEFORMATEX): wFormatTag=0xFFFE, nChannels=2, nSamplesPerSec=48000, nAvgBytesPerSec=384000, nBlockAlign=8, wBitsPerSample=32, cbSize=22.
[LOG] OutputWASAPI::init                       : Mix Format (WAVEFORMATEXTENSIBLE): wValidBitsPerSample=32, dwChannelMask=0x00000003, SubFormat=00000003-0000-0010-8000-00AA00389B71.
[LOG] OutputWASAPI::init                       : Output buffer size: 4096 samples, latency: 0.00ms, period: 10.00ms, DSP buffer: 1024 * 4
[LOG] Thread::initThread                       : Init FMOD stream thread. Priority: 2, Stack Size: 65536, Semaphore: No, Sleep Time: 10, Looping: Yes.
[LOG] Thread::initThread                       : Init FMOD mixer thread. Priority: 3, Stack Size: 49152, Semaphore: No, Sleep Time: 0, Looping: Yes.
[LOG] AsyncManager::init                       : manager 0000000048379B78 isAsync 0 updatePeriod 0.02
[LOG] AsyncManager::init                       : done
[LOG] PlaybackSystem::init                     : 
[LOG] Thread::initThread                       : Init FMOD Studio sample load thread. Priority: 0, Stack Size: 65536, Semaphore: No, Sleep Time: 1, Looping: No.
[LOG] PlaybackSystem::init                     : done
[LOG] Thread::initThread                       : Init FMOD Studio bank load thread. Priority: 0, Stack Size: 65536, Semaphore: No, Sleep Time: 1, Looping: No.
[LOG] Manager::init                            : done.
[LOG] Manager::readBank                        : fileversion = 100, compatVersion = 99 (oldest = 44, newest = 100)
[LOG] Manager::readBank                        : fileversion = 100, compatVersion = 99 (oldest = 44, newest = 100)
[LOG] Manager::readBank                        : fileversion = 100, compatVersion = 99 (oldest = 44, newest = 100)
[LOG] Manager::readBank                        : fileversion = 100, compatVersion = 99 (oldest = 44, newest = 100)
[LOG] Manager::readBank                        : fileversion = 100, compatVersion = 99 (oldest = 44, newest = 100)
[LOG] Manager::readBank                        : fileversion = 100, compatVersion = 99 (oldest = 44, newest = 100)
[LOG] PlaybackSystem::acquireMasterBus         : Setting master channel group format to 6
[LOG] SoundI::release                          :  (00000000484435A8)
[LOG] SoundI::release                          :     Footstep_StoneRough01 (00000000485301D8)
[LOG] SoundI::release                          :  (0000000048443B68)
[LOG] SoundI::release                          :     Footstep_StoneRough02 (000000004852F4D8)
[LOG] SoundI::release                          :  (0000000048442D08)
[LOG] SoundI::release                          :     Footstep_StoneRough03 (000000000F5BFF78)
[LOG] SoundI::release                          :  (000000000F6DCEE8)
[LOG] SoundI::release                          :     Footstep_StoneRough04 (000000000F5BF278)
[LOG] SoundI::release                          :  (000000000F6DCA98)
[LOG] SoundI::release                          :     Footstep_StoneRough05 (000000000F5C02B8)
[LOG] SoundI::release                          :  (000000000F6DC7B8)
[LOG] SoundI::release                          :     Footstep_StoneRough06 (000000000F5BED98)
[LOG] SoundI::release                          :  (0000000048443888)
[LOG] SoundI::release                          :     Footstep_StoneRough07 (0000000048530518)
[LOG] SoundI::release                          :  (000000000F6DD058)
[LOG] SoundI::release                          :     Footstep_StoneRough08 (000000000F5BF5B8)
[LOG] SoundI::release                          :  (0000000048442A28)
[LOG] SoundI::release                          :     Footstep_StoneRough09 (0000000048530D38)
[LOG] SoundI::release                          :  (00000000484439F8)
[LOG] SoundI::release                          :     Footstep_StoneRough10 (000000004852EFF8)
[LOG] SoundI::release                          :  (000000000F6DD338)
[LOG] SoundI::release                          :     footstep_snow02 (000000000F5BF8F8)
[LOG] SoundI::release                          :  (0000000048443718)
[LOG] SoundI::release                          :     footstep_snow03 (00000000485306B8)
[LOG] SoundI::release                          :  (000000000F6DC928)
[LOG] SoundI::release                          :     footstep_snow04 (000000000F5BFDD8)
[LOG] SoundI::release                          :  (000000000F6DD1C8)
[LOG] SoundI::release                          :     footstep_snow05 (000000000F5BF758)
[LOG] Thread::callback                         : FMOD Studio update thread finished.
[LOG] Thread::callback                         : FMOD Studio bank load thread finished.
[LOG] Profile::disconnectAll                   : Profiler disconnecting all clients
[LOG] Thread::callback                         : FMOD Studio sample load thread finished.
[LOG] LiveUpdate::release                      : 
[LOG] LiveUpdate::reset                        : Reset connection (reason Disconnected)
[LOG] Thread::callback                         : FMOD stream thread finished.
[LOG] Thread::callback                         : FMOD mixer thread finished.
[LOG] Profile::disconnectAll                   : Profiler disconnecting all clients
[LOG] SystemI::close                           : Closed.
